<?xml version="1.0" encoding="UTF-8"?>
<!-- Generated by org.testng.reporters.JUnitReportReporter -->
<testsuite hostname="MM198-PC" failures="0" tests="1" name="SearchByspeciesAllMap" time="21.913" errors="0" timestamp="2020-12-03T07:26:55 COT" skipped="0">
  <testcase classname="SearchByspeciesAllMap" name="Buscar" time="21.913"/>
  <system-out/>
</testsuite> <!-- SearchByspeciesAllMap -->
