<?xml version="1.0" encoding="UTF-8"?>
<!-- Generated by org.testng.reporters.JUnitReportReporter -->
<testsuite hostname="MM198-PC" failures="0" tests="1" name="PruebaAll" time="10.499" errors="0" timestamp="2020-12-03T07:30:06 COT" skipped="0">
  <testcase classname="PruebaAll" name="Buscarpornombre" time="10.499"/>
  <system-out/>
</testsuite> <!-- PruebaAll -->
