<?xml version="1.0" encoding="UTF-8"?>
<!-- Generated by org.testng.reporters.JUnitReportReporter -->
<testsuite hostname="MM198-PC" failures="0" tests="1" name="SearchByspecies" time="16.459" errors="0" timestamp="2020-12-03T07:35:37 COT" skipped="0">
  <testcase classname="SearchByspecies" name="Buscar" time="16.459"/>
  <system-out/>
</testsuite> <!-- SearchByspecies -->
