<?xml version="1.0" encoding="UTF-8"?>
<!-- Generated by org.testng.reporters.JUnitReportReporter -->
<testsuite hostname="MM198-PC" failures="0" tests="1" name="SearchTreePrueba" time="10.768" errors="0" timestamp="2020-12-01T12:54:18 COT" skipped="0">
  <testcase classname="SearchTreePrueba" name="theuserisinthehomepage" time="10.768"/>
  <system-out/>
</testsuite> <!-- SearchTreePrueba -->
