<?xml version="1.0" encoding="UTF-8"?>
<!-- Generated by org.testng.reporters.JUnitReportReporter -->
<testsuite hostname="MM198-PC" failures="0" tests="1" name="prueba12" time="10.997" errors="0" timestamp="2020-12-01T12:52:54 COT" skipped="0">
  <testcase classname="prueba12" name="theuserisinthehomepage" time="10.997"/>
  <system-out/>
</testsuite> <!-- prueba12 -->
