<?xml version="1.0" encoding="UTF-8"?>
<!-- Generated by org.testng.reporters.JUnitReportReporter -->
<testsuite hostname="MM198-PC" failures="0" tests="1" name="PruebaAgregarArbol" time="16.841" errors="0" timestamp="2020-12-02T16:02:45 COT" skipped="0">
  <testcase classname="PruebaAgregarArbol" name="Buscar" time="16.841"/>
  <system-out/>
</testsuite> <!-- PruebaAgregarArbol -->
